<?xml version="1.0" encoding="UTF-8"?>
<testng-results ignored="0" total="1" passed="1" failed="0" skipped="0">
  <reporter-output>
  </reporter-output>
  <suite started-at="2024-11-11T21:07:00 EET" name="Default suite" finished-at="2024-11-11T21:07:16 EET" duration-ms="16010">
    <groups>
    </groups>
    <test started-at="2024-11-11T21:07:00 EET" name="Default test" finished-at="2024-11-11T21:07:16 EET" duration-ms="16010">
      <class name="MyTestCases">
        <test-method is-config="true" signature="mySetup()[pri:0, instance:MyTestCases@36bc55de]" started-at="2024-11-11T21:07:00 EET" name="mySetup" finished-at="2024-11-11T21:07:00 EET" duration-ms="13" status="PASS">
          <reporter-output>
          </reporter-output>
        </test-method> <!-- mySetup -->
        <test-method signature="myFirstTest()[pri:0, instance:MyTestCases@36bc55de]" started-at="2024-11-11T21:07:00 EET" name="myFirstTest" finished-at="2024-11-11T21:07:16 EET" duration-ms="15973" status="PASS">
          <reporter-output>
          </reporter-output>
        </test-method> <!-- myFirstTest -->
      </class> <!-- MyTestCases -->
    </test> <!-- Default test -->
  </suite> <!-- Default suite -->
</testng-results>
